Oct 15, 2025 11:21:20.064 [0x7f0aac4e7b38] INFO - Plex Tuner Service v1.42.2.10156-f737b826c - Docker Docker Container x86_64 - build: 
Oct 15, 2025 11:21:20.064 [0x7f0aac4e7b38] INFO - Linux version: 5.15.0-157-generic (#167-Ubuntu SMP Wed Sep 17 21:35:53 UTC 2025), language: en-US
Oct 15, 2025 11:21:20.064 [0x7f0aac4e7b38] INFO - Processor QEMU Virtual CPU version 2.5+
Oct 15, 2025 11:21:20.064 [0x7f0aac4e7b38] INFO - /usr/lib/plexmediaserver/Plex Tuner Service /usr/lib/plexmediaserver/Resources/Tuner/Private /usr/lib/plexmediaserver/Resources/Tuner/Shared 1.42.2.10156-f737b826c 32600
Oct 15, 2025 11:21:20.061 [0x7f0aae058808] INFO - [I] broker_t::start...
Oct 15, 2025 11:21:20.065 [0x7f0aae058808] INFO - [I] device_manager_t::init.
Oct 15, 2025 11:21:20.065 [0x7f0aae058808] INFO - [I] device_manager_t::init. Initialize provider manager
Oct 15, 2025 11:21:20.065 [0x7f0aae058808] INFO - [I] device_manager_t::init. Initialize all device auxes
Oct 15, 2025 11:21:20.065 [0x7f0aae058808] INFO - [I] dvb_device_factory_t::get_aux_list
Oct 15, 2025 11:21:20.065 [0x7f0aae058808] INFO - [I] tvbutler_aux_t::init
Oct 15, 2025 11:21:20.067 [0x7f0aae058808] INFO - [I] web_server_t::start. Starting web server on port 32600
Oct 15, 2025 11:21:28.532 [0x7f0aabb44b38] INFO - [I] web_service_t::process_device_discovery
Oct 15, 2025 11:21:28.532 [0x7f0aabb44b38] INFO - [I] device_reactor_t::get_device_list ()
Oct 15, 2025 11:21:30.539 [0x7f0aabb44b38] INFO - [I] SAT2IP - discover_satip_servers(): no servers found
Oct 15, 2025 11:21:30.966 [0x7f0aabb44b38] INFO - [I] v4l::DeviceGetList_impl. getting v4l device list
Oct 15, 2025 11:21:30.967 [0x7f0aabb44b38] INFO - [I] onetv_factory::DeviceGetListEx >>
Oct 15, 2025 11:21:30.967 [0x7f0aabb44b38] WARN - [W] onetv_factory::DeviceGetListEx. libusb_init returned an error -99
Oct 15, 2025 11:22:53.433 [0x7f0aae058808] INFO - Received SIGINT: Interrupt from keyboard.
Oct 15, 2025 11:22:53.481 [0x7f0aae058808] INFO - [I] device_manager_t::term
Oct 15, 2025 11:22:53.481 [0x7f0aae058808] INFO - [I] device_manager_t::term. Stop all devices
Oct 15, 2025 11:22:53.481 [0x7f0aae058808] INFO - [I] device_manager_t::term. Shut down all device auxes
Oct 15, 2025 11:22:53.481 [0x7f0aae058808] INFO - [I] tvbutler_aux_t::term
Oct 15, 2025 11:22:53.481 [0x7f0aae058808] INFO - [I] web_server_t::stop. Web server is stopped
Oct 15, 2025 11:22:53.482 [0x7f0aae058808] INFO - [I] device_manager_t::term
Oct 15, 2025 11:22:53.482 [0x7f0aae058808] INFO - [I] device_manager_t::term. Stop all devices
Oct 15, 2025 11:22:53.482 [0x7f0aae058808] INFO - [I] device_manager_t::term. Shut down all device auxes
Oct 15, 2025 11:22:53.482 [0x7f0aae058808] INFO - [I] broker_t::shutdown. Shutdown is completed.
