Oct 15, 2025 11:28:08.098 [0x7f8fb6084b38] INFO - Plex Tuner Service v1.42.2.10156-f737b826c - Docker Docker Container x86_64 - build: 
Oct 15, 2025 11:28:08.098 [0x7f8fb6084b38] INFO - Linux version: 5.15.0-157-generic (#167-Ubuntu SMP Wed Sep 17 21:35:53 UTC 2025), language: en-US
Oct 15, 2025 11:28:08.098 [0x7f8fb6084b38] INFO - Processor QEMU Virtual CPU version 2.5+
Oct 15, 2025 11:28:08.098 [0x7f8fb6084b38] INFO - /usr/lib/plexmediaserver/Plex Tuner Service /usr/lib/plexmediaserver/Resources/Tuner/Private /usr/lib/plexmediaserver/Resources/Tuner/Shared 1.42.2.10156-f737b826c 32600
Oct 15, 2025 11:28:08.097 [0x7f8fb7bf5808] INFO - [I] broker_t::start...
Oct 15, 2025 11:28:08.099 [0x7f8fb7bf5808] INFO - [I] device_manager_t::init.
Oct 15, 2025 11:28:08.099 [0x7f8fb7bf5808] INFO - [I] device_manager_t::init. Initialize provider manager
Oct 15, 2025 11:28:08.099 [0x7f8fb7bf5808] INFO - [I] device_manager_t::init. Initialize all device auxes
Oct 15, 2025 11:28:08.099 [0x7f8fb7bf5808] INFO - [I] dvb_device_factory_t::get_aux_list
Oct 15, 2025 11:28:08.099 [0x7f8fb7bf5808] INFO - [I] tvbutler_aux_t::init
Oct 15, 2025 11:28:08.101 [0x7f8fb7bf5808] INFO - [I] web_server_t::start. Starting web server on port 32600
Oct 15, 2025 11:28:16.921 [0x7f8fb5df8b38] INFO - [I] web_service_t::process_device_discovery
Oct 15, 2025 11:28:16.921 [0x7f8fb5df8b38] INFO - [I] device_reactor_t::get_device_list ()
Oct 15, 2025 11:28:18.925 [0x7f8fb5df8b38] INFO - [I] SAT2IP - discover_satip_servers(): no servers found
Oct 15, 2025 11:28:19.345 [0x7f8fb5df8b38] INFO - [I] v4l::DeviceGetList_impl. getting v4l device list
Oct 15, 2025 11:28:19.347 [0x7f8fb5df8b38] INFO - [I] onetv_factory::DeviceGetListEx >>
Oct 15, 2025 11:28:19.347 [0x7f8fb5df8b38] WARN - [W] onetv_factory::DeviceGetListEx. libusb_init returned an error -99
Oct 15, 2025 12:18:28.011 [0x7f8fb7bf5808] INFO - Received SIGINT: Interrupt from keyboard.
Oct 15, 2025 12:18:28.022 [0x7f8fb7bf5808] INFO - [I] device_manager_t::term
Oct 15, 2025 12:18:28.022 [0x7f8fb7bf5808] INFO - [I] device_manager_t::term. Stop all devices
Oct 15, 2025 12:18:28.022 [0x7f8fb7bf5808] INFO - [I] device_manager_t::term. Shut down all device auxes
Oct 15, 2025 12:18:28.022 [0x7f8fb7bf5808] INFO - [I] tvbutler_aux_t::term
Oct 15, 2025 12:18:28.022 [0x7f8fb7bf5808] INFO - [I] web_server_t::stop. Web server is stopped
Oct 15, 2025 12:18:28.022 [0x7f8fb7bf5808] INFO - [I] device_manager_t::term
Oct 15, 2025 12:18:28.023 [0x7f8fb7bf5808] INFO - [I] device_manager_t::term. Stop all devices
Oct 15, 2025 12:18:28.023 [0x7f8fb7bf5808] INFO - [I] device_manager_t::term. Shut down all device auxes
Oct 15, 2025 12:18:28.023 [0x7f8fb7bf5808] INFO - [I] broker_t::shutdown. Shutdown is completed.
